#
# There is insufficient memory for the Java Runtime Environment to continue.
# Native memory allocation (malloc) failed to allocate 201952 bytes for Chunk::new
# Possible reasons:
#   The system is out of physical RAM or swap space
#   In 32 bit mode, the process size limit was hit
# Possible solutions:
#   Reduce memory load on the system
#   Increase physical memory or swap space
#   Check if swap backing store is full
#   Use 64 bit Java on a 64 bit OS
#   Decrease Java heap size (-Xmx/-Xms)
#   Decrease number of Java threads
#   Decrease Java thread stack sizes (-Xss)
#   Set larger code cache with -XX:ReservedCodeCacheSize=
# This output file may be truncated or incomplete.
#
#  Out of Memory Error (allocation.cpp:323), pid=7192, tid=7748
#
# JRE version: Java(TM) SE Runtime Environment (7.0_80-b03) (build 1.7.0_80-ea-b03)
# Java VM: Java HotSpot(TM) 64-Bit Server VM (24.80-b07 mixed mode windows-amd64 compressed oops)
# Failed to write core dump. Minidumps are not enabled by default on client versions of Windows
#

---------------  T H R E A D  ---------------

Current thread (0x0000000007f55800):  JavaThread "C2 CompilerThread1" daemon [_thread_in_native, id=7748, stack(0x00000000095f0000,0x00000000096f0000)]

Stack: [0x00000000095f0000,0x00000000096f0000]
[error occurred during error reporting (printing stack bounds), id 0xc0000005]


Current CompileTask:
C2:   9880  524             com.android.dx.ssa.DeadCodeRemover::isCircularNoSideEffect (140 bytes)


---------------  P R O C E S S  ---------------

Java Threads: ( => current thread )
  0x0000000007f68800 JavaThread "Service Thread" daemon [_thread_blocked, id=4504, stack(0x00000000096f0000,0x00000000097f0000)]
=>0x0000000007f55800 JavaThread "C2 CompilerThread1" daemon [_thread_in_native, id=7748, stack(0x00000000095f0000,0x00000000096f0000)]
  0x0000000007f53800 JavaThread "C2 CompilerThread0" daemon [_thread_in_native, id=6392, stack(0x00000000094f0000,0x00000000095f0000)]
  0x0000000007f52800 JavaThread "Attach Listener" daemon [_thread_blocked, id=1104, stack(0x00000000093f0000,0x00000000094f0000)]
  0x0000000007f4f800 JavaThread "Signal Dispatcher" daemon [_thread_blocked, id=6964, stack(0x00000000092f0000,0x00000000093f0000)]
  0x0000000007f1a000 JavaThread "Finalizer" daemon [_thread_blocked, id=7576, stack(0x00000000091f0000,0x00000000092f0000)]
  0x0000000007f16800 JavaThread "Reference Handler" daemon [_thread_blocked, id=7116, stack(0x00000000090f0000,0x00000000091f0000)]
  0x0000000001fc0800 JavaThread "main" [_thread_in_Java, id=7004, stack(0x0000000001e20000,0x0000000001f20000)]

Other Threads:
  0x0000000007f10800 VMThread [stack: 0x0000000008ff0000,0x00000000090f0000] [id=3740]
  0x0000000007f73000 WatcherThread [stack: 0x00000000097f0000,0x00000000098f0000] [id=2172]

VM state:not at safepoint (normal execution)

VM Mutex/Monitor currently owned by a thread: None

Heap
 PSYoungGen      total 68096K, used 7997K [0x00000000eaa80000, 0x00000000f3000000, 0x0000000100000000)
  eden space 65536K, 8% used [0x00000000eaa80000,0x00000000eafd6658,0x00000000eea80000)
  from space 2560K, 98% used [0x00000000eea80000,0x00000000eecf9020,0x00000000eed00000)
  to   space 25088K, 0% used [0x00000000f1780000,0x00000000f1780000,0x00000000f3000000)
 ParOldGen       total 86016K, used 52383K [0x00000000c0000000, 0x00000000c5400000, 0x00000000eaa80000)
  object space 86016K, 60% used [0x00000000c0000000,0x00000000c3327d00,0x00000000c5400000)
 PSPermGen       total 21504K, used 5498K [0x00000000bae00000, 0x00000000bc300000, 0x00000000c0000000)
  object space 21504K, 25% used [0x00000000bae00000,0x00000000bb35e980,0x00000000bc300000)

Card table byte_map: [0x0000000005180000,0x00000000053b0000] byte_map_base: 0x0000000004ba9000

Polling page: 0x00000000006e0000

Code Cache  [0x00000000020c0000, 0x0000000002330000, 0x00000000050c0000)
 total_blobs=771 nmethods=537 adapters=186 free_code_cache=47133Kb largest_free_block=48223680

Compilation events (10 events):
Event: 8.344 Thread 0x0000000007f55800  524             com.android.dx.ssa.DeadCodeRemover::isCircularNoSideEffect (140 bytes)
Event: 8.350 Thread 0x0000000007f53800 nmethod 518% 0x000000000224cc10 code [0x000000000224ce20, 0x000000000224d670]
Event: 8.350 Thread 0x0000000007f53800  525             com.android.dx.ssa.PhiInsn::predBlocksForReg (73 bytes)
Event: 8.360 Thread 0x0000000007f53800 nmethod 525 0x0000000002267610 code [0x00000000022677a0, 0x0000000002267cd8]
Event: 8.360 Thread 0x0000000007f53800  526             com.android.dx.util.Bits::or (24 bytes)
Event: 8.362 Thread 0x0000000007f53800 nmethod 526 0x000000000224e7d0 code [0x000000000224e900, 0x000000000224ea18]
Event: 8.362 Thread 0x0000000007f53800  527             com.android.dx.rop.code.RegisterSpec::getCategory (13 bytes)
Event: 8.363 Thread 0x0000000007f53800 nmethod 527 0x000000000224e510 code [0x000000000224e660, 0x000000000224e6f8]
Event: 8.363 Thread 0x0000000007f53800  528             com.android.dx.ssa.PhiInsn::getSources (95 bytes)
Event: 8.371 Thread 0x0000000007f53800 nmethod 528 0x000000000224fb10 code [0x000000000224fc80, 0x0000000002250078]

GC Heap History (10 events):
Event: 2.678 GC heap before
{Heap before GC invocations=1 (full 0):
 PSYoungGen      total 18944K, used 16384K [0x00000000eaa80000, 0x00000000ebf80000, 0x0000000100000000)
  eden space 16384K, 100% used [0x00000000eaa80000,0x00000000eba80000,0x00000000eba80000)
  from space 2560K, 0% used [0x00000000ebd00000,0x00000000ebd00000,0x00000000ebf80000)
  to   space 2560K, 0% used [0x00000000eba80000,0x00000000eba80000,0x00000000ebd00000)
 ParOldGen       total 42496K, used 0K [0x00000000c0000000, 0x00000000c2980000, 0x00000000eaa80000)
  object space 42496K, 0% used [0x00000000c0000000,0x00000000c0000000,0x00000000c2980000)
 PSPermGen       total 21504K, used 5193K [0x00000000bae00000, 0x00000000bc300000, 0x00000000c0000000)
  object space 21504K, 24% used [0x00000000bae00000,0x00000000bb312518,0x00000000bc300000)
Event: 2.788 GC heap after
Heap after GC invocations=1 (full 0):
 PSYoungGen      total 18944K, used 2550K [0x00000000eaa80000, 0x00000000ecf80000, 0x0000000100000000)
  eden space 16384K, 0% used [0x00000000eaa80000,0x00000000eaa80000,0x00000000eba80000)
  from space 2560K, 99% used [0x00000000eba80000,0x00000000ebcfdb40,0x00000000ebd00000)
  to   space 2560K, 0% used [0x00000000ecd00000,0x00000000ecd00000,0x00000000ecf80000)
 ParOldGen       total 42496K, used 5133K [0x00000000c0000000, 0x00000000c2980000, 0x00000000eaa80000)
  object space 42496K, 12% used [0x00000000c0000000,0x00000000c0503690,0x00000000c2980000)
 PSPermGen       total 21504K, used 5193K [0x00000000bae00000, 0x00000000bc300000, 0x00000000c0000000)
  object space 21504K, 24% used [0x00000000bae00000,0x00000000bb312518,0x00000000bc300000)
}
Event: 2.910 GC heap before
{Heap before GC invocations=2 (full 0):
 PSYoungGen      total 18944K, used 18934K [0x00000000eaa80000, 0x00000000ecf80000, 0x0000000100000000)
  eden space 16384K, 100% used [0x00000000eaa80000,0x00000000eba80000,0x00000000eba80000)
  from space 2560K, 99% used [0x00000000eba80000,0x00000000ebcfdb40,0x00000000ebd00000)
  to   space 2560K, 0% used [0x00000000ecd00000,0x00000000ecd00000,0x00000000ecf80000)
 ParOldGen       total 42496K, used 5133K [0x00000000c0000000, 0x00000000c2980000, 0x00000000eaa80000)
  object space 42496K, 12% used [0x00000000c0000000,0x00000000c0503690,0x00000000c2980000)
 PSPermGen       total 21504K, used 5200K [0x00000000bae00000, 0x00000000bc300000, 0x00000000c0000000)
  object space 21504K, 24% used [0x00000000bae00000,0x00000000bb3142e0,0x00000000bc300000)
Event: 2.934 GC heap after
Heap after GC invocations=2 (full 0):
 PSYoungGen      total 35328K, used 2539K [0x00000000eaa80000, 0x00000000ecf80000, 0x0000000100000000)
  eden space 32768K, 0% used [0x00000000eaa80000,0x00000000eaa80000,0x00000000eca80000)
  from space 2560K, 99% used [0x00000000ecd00000,0x00000000ecf7ac28,0x00000000ecf80000)
  to   space 2560K, 0% used [0x00000000eca80000,0x00000000eca80000,0x00000000ecd00000)
 ParOldGen       total 42496K, used 18827K [0x00000000c0000000, 0x00000000c2980000, 0x00000000eaa80000)
  object space 42496K, 44% used [0x00000000c0000000,0x00000000c1262e78,0x00000000c2980000)
 PSPermGen       total 21504K, used 5200K [0x00000000bae00000, 0x00000000bc300000, 0x00000000c0000000)
  object space 21504K, 24% used [0x00000000bae00000,0x00000000bb3142e0,0x00000000bc300000)
}
Event: 2.988 GC heap before
{Heap before GC invocations=3 (full 0):
 PSYoungGen      total 35328K, used 35307K [0x00000000eaa80000, 0x00000000ecf80000, 0x0000000100000000)
  eden space 32768K, 100% used [0x00000000eaa80000,0x00000000eca80000,0x00000000eca80000)
  from space 2560K, 99% used [0x00000000ecd00000,0x00000000ecf7ac28,0x00000000ecf80000)
  to   space 2560K, 0% used [0x00000000eca80000,0x00000000eca80000,0x00000000ecd00000)
 ParOldGen       total 42496K, used 18827K [0x00000000c0000000, 0x00000000c2980000, 0x00000000eaa80000)
  object space 42496K, 44% used [0x00000000c0000000,0x00000000c1262e78,0x00000000c2980000)
 PSPermGen       total 21504K, used 5200K [0x00000000bae00000, 0x00000000bc300000, 0x00000000c0000000)
  object space 21504K, 24% used [0x00000000bae00000,0x00000000bb3142e0,0x00000000bc300000)
Event: 3.011 GC heap after
Heap after GC invocations=3 (full 0):
 PSYoungGen      total 35328K, used 2539K [0x00000000eaa80000, 0x00000000eef80000, 0x0000000100000000)
  eden space 32768K, 0% used [0x00000000eaa80000,0x00000000eaa80000,0x00000000eca80000)
  from space 2560K, 99% used [0x00000000eca80000,0x00000000eccfac08,0x00000000ecd00000)
  to   space 2560K, 0% used [0x00000000eed00000,0x00000000eed00000,0x00000000eef80000)
 ParOldGen       total 42496K, used 39667K [0x00000000c0000000, 0x00000000c2980000, 0x00000000eaa80000)
  object space 42496K, 93% used [0x00000000c0000000,0x00000000c26bce78,0x00000000c2980000)
 PSPermGen       total 21504K, used 5200K [0x00000000bae00000, 0x00000000bc300000, 0x00000000c0000000)
  object space 21504K, 24% used [0x00000000bae00000,0x00000000bb3142e0,0x00000000bc300000)
}
Event: 3.011 GC heap before
{Heap before GC invocations=4 (full 1):
 PSYoungGen      total 35328K, used 2539K [0x00000000eaa80000, 0x00000000eef80000, 0x0000000100000000)
  eden space 32768K, 0% used [0x00000000eaa80000,0x00000000eaa80000,0x00000000eca80000)
  from space 2560K, 99% used [0x00000000eca80000,0x00000000eccfac08,0x00000000ecd00000)
  to   space 2560K, 0% used [0x00000000eed00000,0x00000000eed00000,0x00000000eef80000)
 ParOldGen       total 42496K, used 39667K [0x00000000c0000000, 0x00000000c2980000, 0x00000000eaa80000)
  object space 42496K, 93% used [0x00000000c0000000,0x00000000c26bce78,0x00000000c2980000)
 PSPermGen       total 21504K, used 5200K [0x00000000bae00000, 0x00000000bc300000, 0x00000000c0000000)
  object space 21504K, 24% used [0x00000000bae00000,0x00000000bb3142e0,0x00000000bc300000)
Event: 3.233 GC heap after
Heap after GC invocations=4 (full 1):
 PSYoungGen      total 35328K, used 0K [0x00000000eaa80000, 0x00000000eef80000, 0x0000000100000000)
  eden space 32768K, 0% used [0x00000000eaa80000,0x00000000eaa80000,0x00000000eca80000)
  from space 2560K, 0% used [0x00000000eca80000,0x00000000eca80000,0x00000000ecd00000)
  to   space 2560K, 0% used [0x00000000eed00000,0x00000000eed00000,0x00000000eef80000)
 ParOldGen       total 86016K, used 38976K [0x00000000c0000000, 0x00000000c5400000, 0x00000000eaa80000)
  object space 86016K, 45% used [0x00000000c0000000,0x00000000c26101b0,0x00000000c5400000)
 PSPermGen       total 21504K, used 5199K [0x00000000bae00000, 0x00000000bc300000, 0x00000000c0000000)
  object space 21504K, 24% used [0x00000000bae00000,0x00000000bb313d60,0x00000000bc300000)
}
Event: 5.573 GC heap before
{Heap before GC invocations=5 (full 1):
 PSYoungGen      total 35328K, used 32768K [0x00000000eaa80000, 0x00000000eef80000, 0x0000000100000000)
  eden space 32768K, 100% used [0x00000000eaa80000,0x00000000eca80000,0x00000000eca80000)
  from space 2560K, 0% used [0x00000000eca80000,0x00000000eca80000,0x00000000ecd00000)
  to   space 2560K, 0% used [0x00000000eed00000,0x00000000eed00000,0x00000000eef80000)
 ParOldGen       total 86016K, used 38976K [0x00000000c0000000, 0x00000000c5400000, 0x00000000eaa80000)
  object space 86016K, 45% used [0x00000000c0000000,0x00000000c26101b0,0x00000000c5400000)
 PSPermGen       total 21504K, used 5304K [0x00000000bae00000, 0x00000000bc300000, 0x00000000c0000000)
  object space 21504K, 24% used [0x00000000bae00000,0x00000000bb32e0e8,0x00000000bc300000)
Event: 5.619 GC heap after
Heap after GC invocations=5 (full 1):
 PSYoungGen      total 56832K, used 2528K [0x00000000eaa80000, 0x00000000eef80000, 0x0000000100000000)
  eden space 54272K, 0% used [0x00000000eaa80000,0x00000000eaa80000,0x00000000edf80000)
  from space 2560K, 98% used [0x00000000eed00000,0x00000000eef78010,0x00000000eef80000)
  to   space 2560K, 0% used [0x00000000eea80000,0x00000000eea80000,0x00000000eed00000)
 ParOldGen       total 86016K, used 41994K [0x00000000c0000000, 0x00000000c5400000, 0x00000000eaa80000)
  object space 86016K, 48% used [0x00000000c0000000,0x00000000c2902990,0x00000000c5400000)
 PSPermGen       total 21504K, used 5304K [0x00000000bae00000, 0x00000000bc300000, 0x00000000c0000000)
  object space 21504K, 24% used [0x00000000bae00000,0x00000000bb32e0e8,0x00000000bc300000)
}

Deoptimization events (10 events):
Event: 7.662 Thread 0x0000000001fc0800 Uncommon trap: reason=unstable_if action=reinterpret pc=0x0000000002157830 method=java.util.BitSet.clone()Ljava/lang/Object; @ 4
Event: 7.682 Thread 0x0000000001fc0800 Uncommon trap: reason=class_check action=maybe_recompile pc=0x000000000215c7a4 method=com.android.dx.ssa.SsaMethod.mapRegisters(Lcom/android/dx/ssa/RegisterMapper;)V @ 72
Event: 7.709 Thread 0x0000000001fc0800 Uncommon trap: reason=unstable_if action=reinterpret pc=0x00000000021d73bc method=com.android.dx.ssa.SsaMethod.forEachBlockDepthFirst(ZLcom/android/dx/ssa/SsaBasicBlock$Visitor;)V @ 99
Event: 7.740 Thread 0x0000000001fc0800 Uncommon trap: reason=unstable_if action=reinterpret pc=0x00000000021fb9dc method=com.android.dx.ssa.SsaBasicBlock.newFromRop(Lcom/android/dx/rop/code/RopMethod;ILcom/android/dx/ssa/SsaMethod;)Lcom/android/dx/ssa/SsaBasicBlock; @ 164
Event: 7.833 Thread 0x0000000001fc0800 Uncommon trap: reason=unstable_if action=reinterpret pc=0x00000000022269ac method=com.android.dx.ssa.SsaMethod.blockIndexToRopLabel(I)I @ 1
Event: 7.895 Thread 0x0000000001fc0800 Uncommon trap: reason=unstable_if action=reinterpret pc=0x00000000021d9dac method=com.android.dx.ssa.SsaMethod.blockIndexToRopLabel(I)I @ 1
Event: 7.986 Thread 0x0000000001fc0800 Uncommon trap: reason=unstable_if action=reinterpret pc=0x0000000002161964 method=com.android.dx.ssa.SsaMethod.blockIndexToRopLabel(I)I @ 1
Event: 8.315 Thread 0x0000000001fc0800 Uncommon trap: reason=unstable_if action=reinterpret pc=0x00000000021c8020 method=java.lang.Long.numberOfTrailingZeros(J)I @ 62
Event: 8.318 Thread 0x0000000001fc0800 Uncommon trap: reason=class_check action=maybe_recompile pc=0x00000000021cffe8 method=com.android.dx.ssa.SsaMethod.mapRegisters(Lcom/android/dx/ssa/RegisterMapper;)V @ 53
Event: 8.320 Thread 0x0000000001fc0800 Uncommon trap: reason=class_check action=maybe_recompile pc=0x000000000215c7a4 method=com.android.dx.ssa.SsaMethod.mapRegisters(Lcom/android/dx/ssa/RegisterMapper;)V @ 72

Internal exceptions (5 events):
Event: 0.046 Thread 0x0000000001fc0800 Threw 0x00000000eaa8a5a8 at C:\re\jdk7u80\1814.nc\hotspot\src\share\vm\prims\jni.cpp:3991
Event: 7.035 Thread 0x0000000001fc0800 Implicit null exception at 0x000000000215ea9f to 0x000000000215f3f5
Event: 7.035 Thread 0x0000000001fc0800 Implicit null exception at 0x0000000002141c44 to 0x00000000021429d5
Event: 7.331 Thread 0x0000000001fc0800 Implicit null exception at 0x00000000021b55a9 to 0x00000000021b55ed
Event: 7.336 Thread 0x0000000001fc0800 Implicit null exception at 0x000000000212dca0 to 0x000000000212dcd1

Events (10 events):
Event: 7.986 Thread 0x0000000001fc0800 DEOPT UNPACKING pc=0x00000000020f75a4 sp=0x0000000001f1ebe8 mode 2
Event: 8.315 Thread 0x0000000001fc0800 Uncommon trap: trap_request=0xffffff75 fr.pc=0x00000000021c8020
Event: 8.315 Thread 0x0000000001fc0800 DEOPT PACKING pc=0x00000000021c8020 sp=0x0000000001f1eb20
Event: 8.315 Thread 0x0000000001fc0800 DEOPT UNPACKING pc=0x00000000020f75a4 sp=0x0000000001f1eab0 mode 2
Event: 8.318 Thread 0x0000000001fc0800 Uncommon trap: trap_request=0xffffffde fr.pc=0x00000000021cffe8
Event: 8.318 Thread 0x0000000001fc0800 DEOPT PACKING pc=0x00000000021cffe8 sp=0x0000000001f1ed90
Event: 8.318 Thread 0x0000000001fc0800 DEOPT UNPACKING pc=0x00000000020f75a4 sp=0x0000000001f1ed58 mode 2
Event: 8.320 Thread 0x0000000001fc0800 Uncommon trap: trap_request=0xffffffde fr.pc=0x000000000215c7a4
Event: 8.320 Thread 0x0000000001fc0800 DEOPT PACKING pc=0x000000000215c7a4 sp=0x0000000001f1ed00
Event: 8.320 Thread 0x0000000001fc0800 DEOPT UNPACKING pc=0x00000000020f75a4 sp=0x0000000001f1ece0 mode 2


Dynamic libraries:
0x00007ff730030000 - 0x00007ff730063000 	C:\PROGRA~1\Java\JDK17~1.0_8\bin\java.exe
0x00007ffb8ba90000 - 0x00007ffb8bc39000 	C:\Windows\SYSTEM32\ntdll.dll
0x00007ffb89320000 - 0x00007ffb8945a000 	C:\Windows\system32\KERNEL32.DLL
0x00007ffb88fe0000 - 0x00007ffb890ef000 	C:\Windows\system32\KERNELBASE.dll
0x00007ffb8b810000 - 0x00007ffb8b8b5000 	C:\Windows\system32\ADVAPI32.dll
0x00007ffb8b220000 - 0x00007ffb8b391000 	C:\Windows\system32\USER32.dll
0x00007ffb86fc0000 - 0x00007ffb8721a000 	C:\Windows\WinSxS\amd64_microsoft.windows.common-controls_6595b64144ccf1df_6.0.9600.16384_none_62475f7becb72503\COMCTL32.dll
0x00007ffb8b910000 - 0x00007ffb8b9b7000 	C:\Windows\system32\msvcrt.dll
0x00007ffb8b110000 - 0x00007ffb8b167000 	C:\Windows\SYSTEM32\sechost.dll
0x00007ffb8b550000 - 0x00007ffb8b686000 	C:\Windows\system32\RPCRT4.dll
0x00007ffb89970000 - 0x00007ffb89ab5000 	C:\Windows\system32\GDI32.dll
0x00007ffb8b8c0000 - 0x00007ffb8b8f4000 	C:\Windows\system32\IMM32.DLL
0x00007ffb8b410000 - 0x00007ffb8b549000 	C:\Windows\system32\MSCTF.dll
0x00007ffb88dd0000 - 0x00007ffb88dff000 	C:\Windows\system32\nvinitx.dll
0x0000000074740000 - 0x0000000074812000 	C:\PROGRA~1\Java\JDK17~1.0_8\jre\bin\msvcr100.dll
0x00000000734a0000 - 0x0000000073c76000 	C:\PROGRA~1\Java\JDK17~1.0_8\jre\bin\server\jvm.dll
0x00007ffb7f2f0000 - 0x00007ffb7f2f9000 	C:\Windows\SYSTEM32\WSOCK32.dll
0x00007ffb869f0000 - 0x00007ffb86a0f000 	C:\Windows\SYSTEM32\WINMM.dll
0x00007ffb8b9c0000 - 0x00007ffb8b9c7000 	C:\Windows\system32\PSAPI.DLL
0x00007ffb8b3a0000 - 0x00007ffb8b3f8000 	C:\Windows\system32\WS2_32.dll
0x00007ffb869b0000 - 0x00007ffb869da000 	C:\Windows\SYSTEM32\WINMMBASE.dll
0x00007ffb8b400000 - 0x00007ffb8b409000 	C:\Windows\system32\NSI.dll
0x00007ffb88f90000 - 0x00007ffb88fda000 	C:\Windows\SYSTEM32\cfgmgr32.dll
0x00007ffb87c60000 - 0x00007ffb87c86000 	C:\Windows\SYSTEM32\DEVOBJ.dll
0x0000000074710000 - 0x000000007471f000 	C:\PROGRA~1\Java\JDK17~1.0_8\jre\bin\verify.dll
0x0000000073470000 - 0x0000000073498000 	C:\PROGRA~1\Java\JDK17~1.0_8\jre\bin\java.dll
0x0000000073450000 - 0x0000000073466000 	C:\PROGRA~1\Java\JDK17~1.0_8\jre\bin\zip.dll
0x0000000073430000 - 0x000000007344a000 	C:\Program Files\Java\jdk1.7.0_80\jre\bin\net.dll
0x00007ffb886a0000 - 0x00007ffb886f8000 	C:\Windows\system32\mswsock.dll
0x0000000073410000 - 0x0000000073421000 	C:\Program Files\Java\jdk1.7.0_80\jre\bin\nio.dll

VM Arguments:
jvm_args: -Xmx1024M -Xss1m -Djava.ext.dirs=C:\Users\Mukama\AppData\Local\Android\sdk\build-tools\21.1.2\lib 
java_command: C:\Users\Mukama\AppData\Local\Android\sdk\build-tools\21.1.2\lib\dx.jar --dex --output F:\Android_Projects\MUST_Navigation\app\build\intermediates\pre-dexed\debug\classes-e549a861764b4e3cccf92539b38683741e334fc5.jar F:\Android_Projects\MUST_Navigation\app\build\intermediates\exploded-aar\com.google.android.gms\play-services\6.5.87\classes.jar
Launcher Type: SUN_STANDARD

Environment Variables:
JAVA_HOME=C:\Program Files\Java\jdk1.7.0_80
PATH=C:\Windows\system32;C:\Windows;C:\Windows\System32\Wbem;C:\Windows\System32\WindowsPowerShell\v1.0\;C:\Program Files\Intel\WiFi\bin\;C:\Program Files\Common Files\Intel\WirelessCommon\;C:\Program Files\nodejs\;C:\Program Files (x86)\Java\jdk1.7.0_01;C:\Users\Mukama\AppData\Local\Android\sdk\tools;F:\Rimpscom\Intern-Jan-2015\apache-ant-1.9.4-bin\apache-ant-1.9.4\bin\;F:\Android Editors\sdk-current\sdk\platform-tools;C:\Program Files\Intel\WiFi\bin\;C:\Program Files\Common Files\Intel\WirelessCommon\;C:\Users\Mukama\AppData\Roaming\npm;C:\Program Files\Java\jdk1.7.0_80\bin;.;;.;
USERNAME=Mukama
OS=Windows_NT
PROCESSOR_IDENTIFIER=Intel64 Family 6 Model 42 Stepping 7, GenuineIntel



---------------  S Y S T E M  ---------------

OS: Windows 8.1 , 64 bit Build 9600 

CPU:total 4 (2 cores per cpu, 2 threads per core) family 6 model 42 stepping 7, cmov, cx8, fxsr, mmx, sse, sse2, sse3, ssse3, sse4.1, sse4.2, popcnt, avx, aes, ht, tsc, tscinvbit

Memory: 4k page, physical 4078828k(257448k free), swap 6895396k(212016k free)

vm_info: Java HotSpot(TM) 64-Bit Server VM (24.80-b07) for windows-amd64 JRE (1.7.0_80-ea-b03), built on Nov 19 2014 18:56:26 by "java_re" with unknown MS VC++:1600

time: Mon Feb 09 17:01:13 2015
elapsed time: 9 seconds

